2020-09-30 13:12:04,077 INFO  [org.jboss.modules] (main) JBoss Modules version 1.10.1.Final
2020-09-30 13:12:05,893 INFO  [org.jboss.msc] (main) JBoss MSC version 1.4.11.Final
2020-09-30 13:12:05,953 INFO  [org.jboss.threads] (main) JBoss Threads version 2.3.3.Final
2020-09-30 13:12:06,362 INFO  [org.jboss.as] (MSC service thread 1-3) WFLYSRV0049: WildFly Full 20.0.1.Final (WildFly Core 12.0.3.Final) starting
2020-09-30 13:12:09,657 INFO  [org.wildfly.security] (Host Controller Service Threads - 4) ELY00001: WildFly Elytron version 1.12.1.Final
2020-09-30 13:12:11,126 INFO  [org.jboss.as.controller.management-deprecated] (Controller Boot Thread) WFLYCTL0028: Attribute 'security-realm' in the resource at address '/host=node2/core-service=management/management-interface=http-interface' is deprecated, and may be removed in a future version. See the attribute description in the output of the read-resource-description operation to learn more about the deprecation.
2020-09-30 13:12:11,139 INFO  [org.jboss.as.controller.management-deprecated] (Controller Boot Thread) WFLYCTL0028: Attribute 'security-realm' in the resource at address '/' is deprecated, and may be removed in a future version. See the attribute description in the output of the read-resource-description operation to learn more about the deprecation.
2020-09-30 13:12:11,691 INFO  [org.jboss.as.host.controller] (Controller Boot Thread) WFLYHC0003: Creating http management service using network interface (management) port (9990) securePort (-1)
2020-09-30 13:12:11,845 INFO  [org.xnio] (MSC service thread 1-3) XNIO version 3.8.1.Final
2020-09-30 13:12:11,870 INFO  [org.xnio.nio] (MSC service thread 1-3) XNIO NIO Implementation Version 3.8.1.Final
2020-09-30 13:12:12,549 INFO  [org.jboss.remoting] (MSC service thread 1-5) JBoss Remoting version 5.0.18.Final
2020-09-30 13:12:12,840 INFO  [org.jboss.as.patching] (MSC service thread 1-4) WFLYPAT0050: WildFly Full cumulative patch ID is: base, one-off patches include: none
2020-09-30 13:12:13,053 WARN  [org.jboss.as.domain.management.security] (MSC service thread 1-1) WFLYDM0111: Keystore /opt/jboss/wildfly/domain/configuration/application.keystore not found, it will be auto generated on first use with a self signed certificate for host localhost
2020-09-30 13:12:15,275 WARN  [org.jboss.as.host.controller] (Controller Boot Thread) WFLYHC0001: Could not connect to remote domain controller remote+http://192.168.1.10:9990: org.jboss.remoting3.ServiceOpenException: Unknown service name domain
	at org.jboss.remoting@5.0.18.Final//org.jboss.remoting3.remote.RemoteReadListener.handleEvent(RemoteReadListener.java:440)
	at org.jboss.remoting@5.0.18.Final//org.jboss.remoting3.remote.RemoteReadListener.handleEvent(RemoteReadListener.java:49)
	at org.jboss.xnio@3.8.1.Final//org.xnio.ChannelListeners.invokeChannelListener(ChannelListeners.java:92)
	at org.jboss.xnio@3.8.1.Final//org.xnio.conduits.ReadReadyHandler$ChannelListenerHandler.readReady(ReadReadyHandler.java:66)
	at org.jboss.xnio.nio@3.8.1.Final//org.xnio.nio.NioSocketConduit.handleReady(NioSocketConduit.java:89)
	at org.jboss.xnio.nio@3.8.1.Final//org.xnio.nio.WorkerThread.run(WorkerThread.java:591)

2020-09-30 13:12:16,330 WARN  [org.jboss.as.host.controller] (Controller Boot Thread) WFLYHC0001: Could not connect to remote domain controller remote+http://192.168.1.10:9990: org.jboss.remoting3.ServiceOpenException: Unknown service name domain
	at org.jboss.remoting@5.0.18.Final//org.jboss.remoting3.remote.RemoteReadListener.handleEvent(RemoteReadListener.java:440)
	at org.jboss.remoting@5.0.18.Final//org.jboss.remoting3.remote.RemoteReadListener.handleEvent(RemoteReadListener.java:49)
	at org.jboss.xnio@3.8.1.Final//org.xnio.ChannelListeners.invokeChannelListener(ChannelListeners.java:92)
	at org.jboss.xnio@3.8.1.Final//org.xnio.conduits.ReadReadyHandler$ChannelListenerHandler.readReady(ReadReadyHandler.java:66)
	at org.jboss.xnio.nio@3.8.1.Final//org.xnio.nio.NioSocketConduit.handleReady(NioSocketConduit.java:89)
	at org.jboss.xnio.nio@3.8.1.Final//org.xnio.nio.WorkerThread.run(WorkerThread.java:591)

2020-09-30 13:12:17,437 WARN  [org.jboss.as.host.controller] (Controller Boot Thread) WFLYHC0001: Could not connect to remote domain controller remote+http://192.168.1.10:9990: org.jboss.remoting3.ServiceOpenException: Unknown service name domain
	at org.jboss.remoting@5.0.18.Final//org.jboss.remoting3.remote.RemoteReadListener.handleEvent(RemoteReadListener.java:440)
	at org.jboss.remoting@5.0.18.Final//org.jboss.remoting3.remote.RemoteReadListener.handleEvent(RemoteReadListener.java:49)
	at org.jboss.xnio@3.8.1.Final//org.xnio.ChannelListeners.invokeChannelListener(ChannelListeners.java:92)
	at org.jboss.xnio@3.8.1.Final//org.xnio.conduits.ReadReadyHandler$ChannelListenerHandler.readReady(ReadReadyHandler.java:66)
	at org.jboss.xnio.nio@3.8.1.Final//org.xnio.nio.NioSocketConduit.handleReady(NioSocketConduit.java:89)
	at org.jboss.xnio.nio@3.8.1.Final//org.xnio.nio.WorkerThread.run(WorkerThread.java:591)

2020-09-30 13:12:27,370 INFO  [org.jboss.as.host.controller] (Controller Boot Thread) WFLYHC0148: Connected to master host controller at remote+http://192.168.1.10:9990
2020-09-30 13:12:27,495 INFO  [org.jboss.as] (Controller Boot Thread) WFLYSRV0025: WildFly Full 20.0.1.Final (WildFly Core 12.0.3.Final) (Host Controller) started in 26123ms - Started 79 of 81 services (26 services are lazy, passive or on-demand)
2020-09-30 13:12:27,507 INFO  [org.jboss.as] (Controller Boot Thread) WFLYSRV0062: Http management interface listening on http://127.0.0.1:9990/management and https://127.0.0.1:-1/management
2020-09-30 13:12:27,510 INFO  [org.jboss.as] (Controller Boot Thread) WFLYSRV0054: Admin console is not enabled
2020-09-30 13:12:53,348 INFO  [org.jboss.as.host.controller] (main) WFLYHC0179: ProcessController has signalled to shut down; shutting down
2020-09-30 13:12:53,395 INFO  [org.jboss.as.host.controller] (management task-1) WFLYHC0029: Unregistered at domain controller
2020-09-30 13:12:53,464 INFO  [org.jboss.as] (MSC service thread 1-4) WFLYSRV0050: WildFly Full 20.0.1.Final (WildFly Core 12.0.3.Final) stopped in 71ms
